# JRE version: OpenJDK Runtime Environment (7.0_101) (build 1.7.0_101-b00)
# Java VM: OpenJDK 64-Bit Server VM (24.95-b01 mixed mode linux-amd64 )
Heap
 PSYoungGen      total 6125056K, used 341367K [0x00007f6828380000, 0x00007f69f0b00000, 0x00007f72d2e80000)
  eden space 5003776K, 0% used [0x00007f6828380000,0x00007f6828380000,0x00007f6959a00000)
  from space 1121280K, 30% used [0x00007f69a2600000,0x00007f69b735de60,0x00007f69e6d00000)
  to   space 1191936K, 0% used [0x00007f6959a00000,0x00007f6959a00000,0x00007f69a2600000)
 ParOldGen       total 2510336K, used 2510255K [0x00007f52d2e80000, 0x00007f536c200000, 0x00007f6828380000)
  object space 2510336K, 99% used [0x00007f52d2e80000,0x00007f536c1ebc68,0x00007f536c200000)
 PSPermGen       total 21504K, used 3355K [0x00007f52c8880000, 0x00007f52c9d80000, 0x00007f52d2e80000)
  object space 21504K, 15% used [0x00007f52c8880000,0x00007f52c8bc6cd8,0x00007f52c9d80000)
GC Heap History (10 events):
Event: 5882.952 GC heap after
Heap after GC invocations=102 (full 25):
 PSYoungGen      total 4926464K, used 999309K [0x00007f6828380000, 0x00007f69c2f80000, 0x00007f72d2e80000)
  eden space 3884032K, 0% used [0x00007f6828380000,0x00007f6828380000,0x00007f6915480000)
  from space 1042432K, 95% used [0x00007f6915480000,0x00007f6952463468,0x00007f6954e80000)
  to   space 1149440K, 0% used [0x00007f697cd00000,0x00007f697cd00000,0x00007f69c2f80000)
 ParOldGen       total 4007936K, used 3065979K [0x00007f52d2e80000, 0x00007f53c7880000, 0x00007f6828380000)
  object space 4007936K, 76% used [0x00007f52d2e80000,0x00007f538e09ee58,0x00007f53c7880000)
 PSPermGen       total 21504K, used 3355K [0x00007f52c8880000, 0x00007f52c9d80000, 0x00007f52d2e80000)
  object space 21504K, 15% used [0x00007f52c8880000,0x00007f52c8bc6cd8,0x00007f52c9d80000)
}
Event: 5882.962 GC heap before
{Heap before GC invocations=103 (full 26):
 PSYoungGen      total 4926464K, used 999309K [0x00007f6828380000, 0x00007f69c2f80000, 0x00007f72d2e80000)
  eden space 3884032K, 0% used [0x00007f6828380000,0x00007f6828380000,0x00007f6915480000)
  from space 1042432K, 95% used [0x00007f6915480000,0x00007f6952463468,0x00007f6954e80000)
  to   space 1149440K, 0% used [0x00007f697cd00000,0x00007f697cd00000,0x00007f69c2f80000)
 ParOldGen       total 4007936K, used 3065979K [0x00007f52d2e80000, 0x00007f53c7880000, 0x00007f6828380000)
  object space 4007936K, 76% used [0x00007f52d2e80000,0x00007f538e09ee58,0x00007f53c7880000)
 PSPermGen       total 21504K, used 3355K [0x00007f52c8880000, 0x00007f52c9d80000, 0x00007f52d2e80000)
  object space 21504K, 15% used [0x00007f52c8880000,0x00007f52c8bc6cd8,0x00007f52c9d80000)
Event: 5901.719 GC heap after
Heap after GC invocations=103 (full 26):
 PSYoungGen      total 4926464K, used 0K [0x00007f6828380000, 0x00007f69c2f80000, 0x00007f72d2e80000)
  eden space 3884032K, 0% used [0x00007f6828380000,0x00007f6828380000,0x00007f6915480000)
  from space 1042432K, 0% used [0x00007f6915480000,0x00007f6915480000,0x00007f6954e80000)
  to   space 1149440K, 0% used [0x00007f697cd00000,0x00007f697cd00000,0x00007f69c2f80000)
 ParOldGen       total 2510336K, used 770662K [0x00007f52d2e80000, 0x00007f536c200000, 0x00007f6828380000)
  object space 2510336K, 30% used [0x00007f52d2e80000,0x00007f5301f19ab8,0x00007f536c200000)
 PSPermGen       total 21504K, used 3355K [0x00007f52c8880000, 0x00007f52c9d80000, 0x00007f52d2e80000)
  object space 21504K, 15% used [0x00007f52c8880000,0x00007f52c8bc6cd8,0x00007f52c9d80000)
}
Event: 5933.299 GC heap before
{Heap before GC invocations=104 (full 26):
 PSYoungGen      total 4926464K, used 3884032K [0x00007f6828380000, 0x00007f69c2f80000, 0x00007f72d2e80000)
  eden space 3884032K, 100% used [0x00007f6828380000,0x00007f6915480000,0x00007f6915480000)
  from space 1042432K, 0% used [0x00007f6915480000,0x00007f6915480000,0x00007f6954e80000)
  to   space 1149440K, 0% used [0x00007f697cd00000,0x00007f697cd00000,0x00007f69c2f80000)
 ParOldGen       total 2510336K, used 770662K [0x00007f52d2e80000, 0x00007f536c200000, 0x00007f6828380000)
  object space 2510336K, 30% used [0x00007f52d2e80000,0x00007f5301f19ab8,0x00007f536c200000)
 PSPermGen       total 21504K, used 3355K [0x00007f52c8880000, 0x00007f52c9d80000, 0x00007f52d2e80000)
  object space 21504K, 15% used [0x00007f52c8880000,0x00007f52c8bc6cd8,0x00007f52c9d80000)
Event: 5935.065 GC heap after
Heap after GC invocations=104 (full 26):
 PSYoungGen      total 5480960K, used 644544K [0x00007f6828380000, 0x00007f69bd280000, 0x00007f72d2e80000)
  eden space 4426752K, 0% used [0x00007f6828380000,0x00007f6828380000,0x00007f6936680000)
  from space 1054208K, 61% used [0x00007f697cd00000,0x00007f69a4270018,0x00007f69bd280000)
  to   space 1103872K, 0% used [0x00007f6936680000,0x00007f6936680000,0x00007f6979c80000)
 ParOldGen       total 2510336K, used 770662K [0x00007f52d2e80000, 0x00007f536c200000, 0x00007f6828380000)
  object space 2510336K, 30% used [0x00007f52d2e80000,0x00007f5301f19ab8,0x00007f536c200000)
 PSPermGen       total 21504K, used 3355K [0x00007f52c8880000, 0x00007f52c9d80000, 0x00007f52d2e80000)
  object space 21504K, 15% used [0x00007f52c8880000,0x00007f52c8bc6cd8,0x00007f52c9d80000)
}
Event: 5949.922 GC heap before
{Heap before GC invocations=105 (full 26):
 PSYoungGen      total 5480960K, used 5071296K [0x00007f6828380000, 0x00007f69bd280000, 0x00007f72d2e80000)
  eden space 4426752K, 100% used [0x00007f6828380000,0x00007f6936680000,0x00007f6936680000)
  from space 1054208K, 61% used [0x00007f697cd00000,0x00007f69a4270018,0x00007f69bd280000)
  to   space 1103872K, 0% used [0x00007f6936680000,0x00007f6936680000,0x00007f6979c80000)
 ParOldGen       total 2510336K, used 770662K [0x00007f52d2e80000, 0x00007f536c200000, 0x00007f6828380000)
  object space 2510336K, 30% used [0x00007f52d2e80000,0x00007f5301f19ab8,0x00007f536c200000)
 PSPermGen       total 21504K, used 3355K [0x00007f52c8880000, 0x00007f52c9d80000, 0x00007f52d2e80000)
  object space 21504K, 15% used [0x00007f52c8880000,0x00007f52c8bc6cd8,0x00007f52c9d80000)
Event: 5970.104 GC heap after
Heap after GC invocations=105 (full 26):
 PSYoungGen      total 5530624K, used 803872K [0x00007f6828380000, 0x00007f69e6d00000, 0x00007f72d2e80000)
  eden space 4426752K, 0% used [0x00007f6828380000,0x00007f6828380000,0x00007f6936680000)
  from space 1103872K, 72% used [0x00007f6936680000,0x00007f6967788018,0x00007f6979c80000)
  to   space 1121280K, 0% used [0x00007f69a2600000,0x00007f69a2600000,0x00007f69e6d00000)
 ParOldGen       total 2510336K, used 1322918K [0x00007f52d2e80000, 0x00007f536c200000, 0x00007f6828380000)
  object space 2510336K, 52% used [0x00007f52d2e80000,0x00007f5323a69ab8,0x00007f536c200000)
 PSPermGen       total 21504K, used 3355K [0x00007f52c8880000, 0x00007f52c9d80000, 0x00007f52d2e80000)
  object space 21504K, 15% used [0x00007f52c8880000,0x00007f52c8bc6cd8,0x00007f52c9d80000)
}
Event: 5999.104 GC heap before
{Heap before GC invocations=106 (full 26):
 PSYoungGen      total 5530624K, used 5230624K [0x00007f6828380000, 0x00007f69e6d00000, 0x00007f72d2e80000)
  eden space 4426752K, 100% used [0x00007f6828380000,0x00007f6936680000,0x00007f6936680000)
  from space 1103872K, 72% used [0x00007f6936680000,0x00007f6967788018,0x00007f6979c80000)
  to   space 1121280K, 0% used [0x00007f69a2600000,0x00007f69a2600000,0x00007f69e6d00000)
 ParOldGen       total 2510336K, used 1322918K [0x00007f52d2e80000, 0x00007f536c200000, 0x00007f6828380000)
  object space 2510336K, 52% used [0x00007f52d2e80000,0x00007f5323a69ab8,0x00007f536c200000)
 PSPermGen       total 21504K, used 3355K [0x00007f52c8880000, 0x00007f52c9d80000, 0x00007f52d2e80000)
  object space 21504K, 15% used [0x00007f52c8880000,0x00007f52c8bc6cd8,0x00007f52c9d80000)
Event: 6042.402 GC heap after
Heap after GC invocations=106 (full 26):
 PSYoungGen      total 6125056K, used 964960K [0x00007f6828380000, 0x00007f69f0b00000, 0x00007f72d2e80000)
  eden space 5003776K, 0% used [0x00007f6828380000,0x00007f6828380000,0x00007f6959a00000)
  from space 1121280K, 86% used [0x00007f69a2600000,0x00007f69dd458018,0x00007f69e6d00000)
  to   space 1191936K, 0% used [0x00007f6959a00000,0x00007f6959a00000,0x00007f69a2600000)
 ParOldGen       total 2510336K, used 1940542K [0x00007f52d2e80000, 0x00007f536c200000, 0x00007f6828380000)
  object space 2510336K, 77% used [0x00007f52d2e80000,0x00007f534958fab8,0x00007f536c200000)
 PSPermGen       total 21504K, used 3355K [0x00007f52c8880000, 0x00007f52c9d80000, 0x00007f52d2e80000)
  object space 21504K, 15% used [0x00007f52c8880000,0x00007f52c8bc6cd8,0x00007f52c9d80000)
}
Event: 6042.410 GC heap before
{Heap before GC invocations=107 (full 27):
 PSYoungGen      total 6125056K, used 964960K [0x00007f6828380000, 0x00007f69f0b00000, 0x00007f72d2e80000)
  eden space 5003776K, 0% used [0x00007f6828380000,0x00007f6828380000,0x00007f6959a00000)
  from space 1121280K, 86% used [0x00007f69a2600000,0x00007f69dd458018,0x00007f69e6d00000)
  to   space 1191936K, 0% used [0x00007f6959a00000,0x00007f6959a00000,0x00007f69a2600000)
 ParOldGen       total 2510336K, used 1940542K [0x00007f52d2e80000, 0x00007f536c200000, 0x00007f6828380000)
  object space 2510336K, 77% used [0x00007f52d2e80000,0x00007f534958fab8,0x00007f536c200000)
 PSPermGen       total 21504K, used 3355K [0x00007f52c8880000, 0x00007f52c9d80000, 0x00007f52d2e80000)
  object space 21504K, 15% used [0x00007f52c8880000,0x00007f52c8bc6cd8,0x00007f52c9d80000)

